0 info it worked if it ends with ok
1 verbose cli [ 'C:\\Program Files\\nodejs\\node.exe',
1 verbose cli   'C:\\Program Files\\nodejs\\node_modules\\npm\\bin\\npm-cli.js',
1 verbose cli   'run',
1 verbose cli   'run' ]
2 info using npm@4.1.2
3 info using node@v7.7.3
4 verbose run-script [ 'prerun', 'run', 'postrun' ]
5 info lifecycle nizp@1.0.0~prerun: nizp@1.0.0
6 silly lifecycle nizp@1.0.0~prerun: no script for prerun, continuing
7 info lifecycle nizp@1.0.0~run: nizp@1.0.0
8 verbose lifecycle nizp@1.0.0~run: unsafe-perm in lifecycle true
9 verbose lifecycle nizp@1.0.0~run: PATH: C:\Program Files\nodejs\node_modules\npm\bin\node-gyp-bin;F:\秒味课堂\每日秒味练习\js\3.27\基础模板\node_modules\.bin;C:\Program Files (x86)\Intel\iCLS Client\;C:\Program Files\Intel\iCLS Client\;C:\Windows\system32;C:\Windows;C:\Windows\System32\Wbem;C:\Windows\System32\WindowsPowerShell\v1.0\;C:\Program Files (x86)\Intel\Intel(R) Management Engine Components\DAL;C:\Program Files\Intel\Intel(R) Management Engine Components\DAL;C:\Program Files (x86)\Intel\Intel(R) Management Engine Components\IPT;C:\Program Files\Intel\Intel(R) Management Engine Components\IPT;C:\Program Files (x86)\NVIDIA Corporation\PhysX\Common;C:\Program Files (x86)\Common Files\Acronis\VirtualFile\;C:\Program Files (x86)\Common Files\Acronis\VirtualFile64\;C:\Program Files (x86)\Common Files\Acronis\SnapAPI\;C:\Program Files\Git\cmd;C:\Program Files\nodejs\;C:\Program Files\Common Files\Autodesk Shared\;C:\Program Files (x86)\Autodesk\Backburner\;C:\Users\97633\AppData\Local\Microsoft\WindowsApps;C:\Users\97633\AppData\Local\atom\bin;C:\Users\97633\AppData\Roaming\npm
10 verbose lifecycle nizp@1.0.0~run: CWD: F:\秒味课堂\每日秒味练习\js\3.27\基础模板
11 silly lifecycle nizp@1.0.0~run: Args: [ '/d /s /c', 'webpack -w' ]
12 silly lifecycle nizp@1.0.0~run: Returned: code: 3221225786  signal: null
13 info lifecycle nizp@1.0.0~run: Failed to exec run script
14 verbose stack Error: nizp@1.0.0 run: `webpack -w`
14 verbose stack Exit status 3221225786
14 verbose stack     at EventEmitter.<anonymous> (C:\Program Files\nodejs\node_modules\npm\lib\utils\lifecycle.js:279:16)
14 verbose stack     at emitTwo (events.js:106:13)
14 verbose stack     at EventEmitter.emit (events.js:194:7)
14 verbose stack     at ChildProcess.<anonymous> (C:\Program Files\nodejs\node_modules\npm\lib\utils\spawn.js:40:14)
14 verbose stack     at emitTwo (events.js:106:13)
14 verbose stack     at ChildProcess.emit (events.js:194:7)
14 verbose stack     at maybeClose (internal/child_process.js:899:16)
14 verbose stack     at Process.ChildProcess._handle.onexit (internal/child_process.js:226:5)
15 verbose pkgid nizp@1.0.0
16 verbose cwd F:\秒味课堂\每日秒味练习\js\3.27\基础模板
17 error Windows_NT 10.0.14393
18 error argv "C:\\Program Files\\nodejs\\node.exe" "C:\\Program Files\\nodejs\\node_modules\\npm\\bin\\npm-cli.js" "run" "run"
19 error node v7.7.3
20 error npm  v4.1.2
21 error code ELIFECYCLE
22 error nizp@1.0.0 run: `webpack -w`
22 error Exit status 3221225786
23 error Failed at the nizp@1.0.0 run script 'webpack -w'.
23 error Make sure you have the latest version of node.js and npm installed.
23 error If you do, this is most likely a problem with the nizp package,
23 error not with npm itself.
23 error Tell the author that this fails on your system:
23 error     webpack -w
23 error You can get information on how to open an issue for this project with:
23 error     npm bugs nizp
23 error Or if that isn't available, you can get their info via:
23 error     npm owner ls nizp
23 error There is likely additional logging output above.
24 verbose exit [ 1, true ]
